<?xml version="1.0" encoding="UTF-8"?>
<testsuite xmlns:xsi="http://www.w3.org/2001/XMLSchema-instance" xsi:noNamespaceSchemaLocation="https://maven.apache.org/surefire/maven-surefire-plugin/xsd/surefire-test-report.xsd" name="com.mycompany.app.AppTest" time="0.078" tests="1" errors="0" skipped="0" failures="0">
  <properties>
    <property name="java.specification.version" value="17"/>
    <property name="sun.cpu.isalist" value="amd64"/>
    <property name="sun.jnu.encoding" value="Cp1252"/>
    <property name="java.class.path" value="C:\Users\tanna\OneDrive\Desktop\my-app\target\test-classes;C:\Users\tanna\OneDrive\Desktop\my-app\target\classes;C:\Users\tanna\.m2\repository\org\sonarsource\scanner\maven\sonar-maven-plugin\3.9.1.2184\sonar-maven-plugin-3.9.1.2184.jar;C:\Users\tanna\.m2\repository\org\sonatype\plexus\plexus-sec-dispatcher\1.4\plexus-sec-dispatcher-1.4.jar;C:\Users\tanna\.m2\repository\org\sonatype\plexus\plexus-cipher\1.4\plexus-cipher-1.4.jar;C:\Users\tanna\.m2\repository\org\codehaus\plexus\plexus-utils\3.2.1\plexus-utils-3.2.1.jar;C:\Users\tanna\.m2\repository\org\sonarsource\scanner\api\sonar-scanner-api\2.16.2.588\sonar-scanner-api-2.16.2.588.jar;C:\Users\tanna\.m2\repository\commons-lang\commons-lang\2.6\commons-lang-2.6.jar;C:\Users\tanna\.m2\repository\junit\junit\4.12\junit-4.12.jar;C:\Users\tanna\.m2\repository\org\hamcrest\hamcrest-core\1.3\hamcrest-core-1.3.jar;"/>
    <property name="java.vm.vendor" value="Eclipse Adoptium"/>
    <property name="sun.arch.data.model" value="64"/>
    <property name="user.variant" value=""/>
    <property name="java.vendor.url" value="https://adoptium.net/"/>
    <property name="user.timezone" value="Asia/Calcutta"/>
    <property name="os.name" value="Windows 11"/>
    <property name="java.vm.specification.version" value="17"/>
    <property name="sun.java.launcher" value="SUN_STANDARD"/>
    <property name="user.country" value="IN"/>
    <property name="sun.boot.library.path" value="C:\Users\tanna\AppData\Local\Programs\Eclipse Adoptium\jdk-17.0.6.10-hotspot\bin"/>
    <property name="sun.java.command" value="C:\Users\tanna\AppData\Local\Temp\surefire7093680367504400889\surefirebooter7184178162090793144.jar C:\Users\tanna\AppData\Local\Temp\surefire7093680367504400889 2023-09-01T10-34-22_336-jvmRun1 surefire17064951985724031264tmp surefire_010393850119922849226tmp"/>
    <property name="jdk.debug" value="release"/>
    <property name="surefire.test.class.path" value="C:\Users\tanna\OneDrive\Desktop\my-app\target\test-classes;C:\Users\tanna\OneDrive\Desktop\my-app\target\classes;C:\Users\tanna\.m2\repository\org\sonarsource\scanner\maven\sonar-maven-plugin\3.9.1.2184\sonar-maven-plugin-3.9.1.2184.jar;C:\Users\tanna\.m2\repository\org\sonatype\plexus\plexus-sec-dispatcher\1.4\plexus-sec-dispatcher-1.4.jar;C:\Users\tanna\.m2\repository\org\sonatype\plexus\plexus-cipher\1.4\plexus-cipher-1.4.jar;C:\Users\tanna\.m2\repository\org\codehaus\plexus\plexus-utils\3.2.1\plexus-utils-3.2.1.jar;C:\Users\tanna\.m2\repository\org\sonarsource\scanner\api\sonar-scanner-api\2.16.2.588\sonar-scanner-api-2.16.2.588.jar;C:\Users\tanna\.m2\repository\commons-lang\commons-lang\2.6\commons-lang-2.6.jar;C:\Users\tanna\.m2\repository\junit\junit\4.12\junit-4.12.jar;C:\Users\tanna\.m2\repository\org\hamcrest\hamcrest-core\1.3\hamcrest-core-1.3.jar;"/>
    <property name="sun.cpu.endian" value="little"/>
    <property name="user.home" value="C:\Users\tanna"/>
    <property name="user.language" value="en"/>
    <property name="java.specification.vendor" value="Oracle Corporation"/>
    <property name="java.version.date" value="2023-01-17"/>
    <property name="java.home" value="C:\Users\tanna\AppData\Local\Programs\Eclipse Adoptium\jdk-17.0.6.10-hotspot"/>
    <property name="file.separator" value="\"/>
    <property name="basedir" value="C:\Users\tanna\OneDrive\Desktop\my-app"/>
    <property name="java.vm.compressedOopsMode" value="Zero based"/>
    <property name="line.separator" value="&#10;"/>
    <property name="java.vm.specification.vendor" value="Oracle Corporation"/>
    <property name="java.specification.name" value="Java Platform API Specification"/>
    <property name="surefire.real.class.path" value="C:\Users\tanna\AppData\Local\Temp\surefire7093680367504400889\surefirebooter7184178162090793144.jar"/>
    <property name="user.script" value=""/>
    <property name="sun.management.compiler" value="HotSpot 64-Bit Tiered Compilers"/>
    <property name="java.runtime.version" value="17.0.6+10"/>
    <property name="user.name" value="tanna"/>
    <property name="path.separator" value=";"/>
    <property name="os.version" value="10.0"/>
    <property name="java.runtime.name" value="OpenJDK Runtime Environment"/>
    <property name="file.encoding" value="Cp1252"/>
    <property name="java.vm.name" value="OpenJDK 64-Bit Server VM"/>
    <property name="java.vendor.version" value="Temurin-17.0.6+10"/>
    <property name="localRepository" value="C:\Users\tanna\.m2\repository"/>
    <property name="java.vendor.url.bug" value="https://github.com/adoptium/adoptium-support/issues"/>
    <property name="java.io.tmpdir" value="C:\Users\tanna\AppData\Local\Temp\"/>
    <property name="java.version" value="17.0.6"/>
    <property name="user.dir" value="C:\Users\tanna\OneDrive\Desktop\my-app"/>
    <property name="os.arch" value="amd64"/>
    <property name="java.vm.specification.name" value="Java Virtual Machine Specification"/>
    <property name="sun.os.patch.level" value=""/>
    <property name="native.encoding" value="Cp1252"/>
    <property name="java.library.path" value="C:\Users\tanna\AppData\Local\Programs\Eclipse Adoptium\jdk-17.0.6.10-hotspot\bin;C:\windows\Sun\Java\bin;C:\windows\system32;C:\windows;C:\Program Files\Python311\Scripts\;C:\Program Files\Python311\;C:\windows\system32;C:\windows;C:\windows\System32\Wbem;C:\windows\System32\WindowsPowerShell\v1.0\;C:\windows\System32\OpenSSH\;C:\Program Files\MySQL\MySQL Server 8.0\bin;C:\Program Files\Git\cmd;C:\Program Files\apache-maven-3.9.4\bin;C:\Program Files\jdk-17.0.6.10-hotspot\bin;C:\Program Files\MySQL\MySQL Shell 8.0\bin\;C:\Users\tanna\AppData\Local\Programs\Eclipse Adoptium\jdk-17.0.6.10-hotspot\bin;C:\Users\tanna\AppData\Local\Microsoft\WindowsApps;;C:\Program Files\JetBrains\PyCharm Community Edition 2022.3.2\bin;;C:\Program Files\JetBrains\CLion 2022.3.2\bin;;C:\Users\tanna\AppData\Local\Programs\Microsoft VS Code\bin;."/>
    <property name="java.vm.info" value="mixed mode, sharing"/>
    <property name="java.vendor" value="Eclipse Adoptium"/>
    <property name="java.vm.version" value="17.0.6+10"/>
    <property name="sun.io.unicode.encoding" value="UnicodeLittle"/>
    <property name="java.class.version" value="61.0"/>
  </properties>
  <testcase name="shouldAnswerWithTrue" classname="com.mycompany.app.AppTest" time="0"/>
</testsuite>